Arguments: 
  /usr/local/bin/node /usr/share/yarn/bin/yarn.js install

PATH: 
  /home/kudryavtsev/bin:/usr/local/sbin:/usr/local/bin:/usr/sbin:/usr/bin:/sbin:/bin:/usr/games:/usr/local/games:/snap/bin

Yarn version: 
  1.22.19

Node version: 
  18.16.0

Platform: 
  linux x64

Trace: 
  SyntaxError: /home/kudryavtsev/programming/php/exwe/resources/package.json: Unexpected token } in JSON at position 603
      at JSON.parse (<anonymous>)
      at /usr/share/yarn/lib/cli.js:1629:59
      at Generator.next (<anonymous>)
      at step (/usr/share/yarn/lib/cli.js:310:30)
      at /usr/share/yarn/lib/cli.js:321:13

npm manifest: 
  {
    "name": "exwe",
    "version": "1.0.0",
    "description": "esbuild",
    "main": "index.js",
    "author": "Maksim K",
    "license": "MIT",
    "scripts": {
      "dev": "node esbuild/build.js",
      "esbuild-prod": "NODE_ENV=prod node esbuild/build.js",
      "esbuild-serve": "node esbuild/serve.mjs",
      "esbuild-watch": "node esbuild/watch.mjs",
      "esbuild-version": "esbuild --version"
    },
    "devDependencies": {
      "@esbuild/linux-x64": "^0.18.17",
      "autoprefixer": "^10.4.14",
      "esbuild": "^0.18.17",
      "esbuild-sass-plugin": "^2.10.0",
      "postcss": "^8.4.27",
      "stylelint": "^15.10.2",
    }
  }

yarn manifest: 
  No manifest

Lockfile: 
  No lockfile
